<?xml version="1.0" encoding="UTF-8"?>
<testsuite xmlns:xsi="http://www.w3.org/2001/XMLSchema-instance" xsi:noNamespaceSchemaLocation="https://maven.apache.org/surefire/maven-surefire-plugin/xsd/surefire-test-report.xsd" name="br.com.stoom.controller.LocationControllerTest" time="11.378" tests="4" errors="0" skipped="0" failures="1">
  <properties>
    <property name="sun.desktop" value="gnome"/>
    <property name="awt.toolkit" value="sun.awt.X11.XToolkit"/>
    <property name="java.specification.version" value="11"/>
    <property name="sun.cpu.isalist" value=""/>
    <property name="sun.jnu.encoding" value="UTF-8"/>
    <property name="java.class.path" value="/home/maicon/Documentos/workspace/stoom/target/test-classes:/home/maicon/Documentos/workspace/stoom/target/classes:/home/maicon/.m2/repository/org/springframework/boot/spring-boot-starter-data-jpa/2.1.11.RELEASE/spring-boot-starter-data-jpa-2.1.11.RELEASE.jar:/home/maicon/.m2/repository/org/springframework/boot/spring-boot-starter-aop/2.1.11.RELEASE/spring-boot-starter-aop-2.1.11.RELEASE.jar:/home/maicon/.m2/repository/org/springframework/spring-aop/5.1.12.RELEASE/spring-aop-5.1.12.RELEASE.jar:/home/maicon/.m2/repository/org/aspectj/aspectjweaver/1.9.5/aspectjweaver-1.9.5.jar:/home/maicon/.m2/repository/org/springframework/boot/spring-boot-starter-jdbc/2.1.11.RELEASE/spring-boot-starter-jdbc-2.1.11.RELEASE.jar:/home/maicon/.m2/repository/org/springframework/spring-jdbc/5.1.12.RELEASE/spring-jdbc-5.1.12.RELEASE.jar:/home/maicon/.m2/repository/javax/transaction/javax.transaction-api/1.3/javax.transaction-api-1.3.jar:/home/maicon/.m2/repository/javax/xml/bind/jaxb-api/2.3.1/jaxb-api-2.3.1.jar:/home/maicon/.m2/repository/javax/activation/javax.activation-api/1.2.0/javax.activation-api-1.2.0.jar:/home/maicon/.m2/repository/org/hibernate/hibernate-core/5.3.14.Final/hibernate-core-5.3.14.Final.jar:/home/maicon/.m2/repository/org/jboss/logging/jboss-logging/3.3.3.Final/jboss-logging-3.3.3.Final.jar:/home/maicon/.m2/repository/javax/persistence/javax.persistence-api/2.2/javax.persistence-api-2.2.jar:/home/maicon/.m2/repository/org/javassist/javassist/3.23.2-GA/javassist-3.23.2-GA.jar:/home/maicon/.m2/repository/net/bytebuddy/byte-buddy/1.9.16/byte-buddy-1.9.16.jar:/home/maicon/.m2/repository/antlr/antlr/2.7.7/antlr-2.7.7.jar:/home/maicon/.m2/repository/org/jboss/jandex/2.0.5.Final/jandex-2.0.5.Final.jar:/home/maicon/.m2/repository/com/fasterxml/classmate/1.4.0/classmate-1.4.0.jar:/home/maicon/.m2/repository/org/dom4j/dom4j/2.1.1/dom4j-2.1.1.jar:/home/maicon/.m2/repository/org/hibernate/common/hibernate-commons-annotations/5.0.4.Final/hibernate-commons-annotations-5.0.4.Final.jar:/home/maicon/.m2/repository/org/glassfish/jaxb/jaxb-runtime/2.3.1/jaxb-runtime-2.3.1.jar:/home/maicon/.m2/repository/org/glassfish/jaxb/txw2/2.3.1/txw2-2.3.1.jar:/home/maicon/.m2/repository/com/sun/istack/istack-commons-runtime/3.0.7/istack-commons-runtime-3.0.7.jar:/home/maicon/.m2/repository/org/jvnet/staxex/stax-ex/1.8/stax-ex-1.8.jar:/home/maicon/.m2/repository/com/sun/xml/fastinfoset/FastInfoset/1.2.15/FastInfoset-1.2.15.jar:/home/maicon/.m2/repository/org/springframework/data/spring-data-jpa/2.1.14.RELEASE/spring-data-jpa-2.1.14.RELEASE.jar:/home/maicon/.m2/repository/org/springframework/data/spring-data-commons/2.1.14.RELEASE/spring-data-commons-2.1.14.RELEASE.jar:/home/maicon/.m2/repository/org/springframework/spring-orm/5.1.12.RELEASE/spring-orm-5.1.12.RELEASE.jar:/home/maicon/.m2/repository/org/springframework/spring-context/5.1.12.RELEASE/spring-context-5.1.12.RELEASE.jar:/home/maicon/.m2/repository/org/springframework/spring-tx/5.1.12.RELEASE/spring-tx-5.1.12.RELEASE.jar:/home/maicon/.m2/repository/org/springframework/spring-beans/5.1.12.RELEASE/spring-beans-5.1.12.RELEASE.jar:/home/maicon/.m2/repository/org/springframework/spring-aspects/5.1.12.RELEASE/spring-aspects-5.1.12.RELEASE.jar:/home/maicon/.m2/repository/org/springframework/boot/spring-boot-starter-web/2.1.11.RELEASE/spring-boot-starter-web-2.1.11.RELEASE.jar:/home/maicon/.m2/repository/org/springframework/boot/spring-boot-starter/2.1.11.RELEASE/spring-boot-starter-2.1.11.RELEASE.jar:/home/maicon/.m2/repository/org/springframework/boot/spring-boot/2.1.11.RELEASE/spring-boot-2.1.11.RELEASE.jar:/home/maicon/.m2/repository/org/springframework/boot/spring-boot-autoconfigure/2.1.11.RELEASE/spring-boot-autoconfigure-2.1.11.RELEASE.jar:/home/maicon/.m2/repository/org/springframework/boot/spring-boot-starter-logging/2.1.11.RELEASE/spring-boot-starter-logging-2.1.11.RELEASE.jar:/home/maicon/.m2/repository/ch/qos/logback/logback-classic/1.2.3/logback-classic-1.2.3.jar:/home/maicon/.m2/repository/ch/qos/logback/logback-core/1.2.3/logback-core-1.2.3.jar:/home/maicon/.m2/repository/org/apache/logging/log4j/log4j-to-slf4j/2.11.2/log4j-to-slf4j-2.11.2.jar:/home/maicon/.m2/repository/org/apache/logging/log4j/log4j-api/2.11.2/log4j-api-2.11.2.jar:/home/maicon/.m2/repository/org/slf4j/jul-to-slf4j/1.7.29/jul-to-slf4j-1.7.29.jar:/home/maicon/.m2/repository/javax/annotation/javax.annotation-api/1.3.2/javax.annotation-api-1.3.2.jar:/home/maicon/.m2/repository/org/yaml/snakeyaml/1.23/snakeyaml-1.23.jar:/home/maicon/.m2/repository/org/springframework/boot/spring-boot-starter-json/2.1.11.RELEASE/spring-boot-starter-json-2.1.11.RELEASE.jar:/home/maicon/.m2/repository/com/fasterxml/jackson/core/jackson-databind/2.9.10.1/jackson-databind-2.9.10.1.jar:/home/maicon/.m2/repository/com/fasterxml/jackson/core/jackson-annotations/2.9.10/jackson-annotations-2.9.10.jar:/home/maicon/.m2/repository/com/fasterxml/jackson/core/jackson-core/2.9.10/jackson-core-2.9.10.jar:/home/maicon/.m2/repository/com/fasterxml/jackson/datatype/jackson-datatype-jdk8/2.9.10/jackson-datatype-jdk8-2.9.10.jar:/home/maicon/.m2/repository/com/fasterxml/jackson/datatype/jackson-datatype-jsr310/2.9.10/jackson-datatype-jsr310-2.9.10.jar:/home/maicon/.m2/repository/com/fasterxml/jackson/module/jackson-module-parameter-names/2.9.10/jackson-module-parameter-names-2.9.10.jar:/home/maicon/.m2/repository/org/springframework/boot/spring-boot-starter-tomcat/2.1.11.RELEASE/spring-boot-starter-tomcat-2.1.11.RELEASE.jar:/home/maicon/.m2/repository/org/apache/tomcat/embed/tomcat-embed-core/9.0.29/tomcat-embed-core-9.0.29.jar:/home/maicon/.m2/repository/org/apache/tomcat/embed/tomcat-embed-el/9.0.29/tomcat-embed-el-9.0.29.jar:/home/maicon/.m2/repository/org/apache/tomcat/embed/tomcat-embed-websocket/9.0.29/tomcat-embed-websocket-9.0.29.jar:/home/maicon/.m2/repository/org/hibernate/validator/hibernate-validator/6.0.18.Final/hibernate-validator-6.0.18.Final.jar:/home/maicon/.m2/repository/javax/validation/validation-api/2.0.1.Final/validation-api-2.0.1.Final.jar:/home/maicon/.m2/repository/org/springframework/spring-web/5.1.12.RELEASE/spring-web-5.1.12.RELEASE.jar:/home/maicon/.m2/repository/org/springframework/spring-webmvc/5.1.12.RELEASE/spring-webmvc-5.1.12.RELEASE.jar:/home/maicon/.m2/repository/org/springframework/spring-expression/5.1.12.RELEASE/spring-expression-5.1.12.RELEASE.jar:/home/maicon/.m2/repository/com/zaxxer/HikariCP/2.6.0/HikariCP-2.6.0.jar:/home/maicon/.m2/repository/org/slf4j/slf4j-api/1.7.29/slf4j-api-1.7.29.jar:/home/maicon/.m2/repository/org/modelmapper/modelmapper/2.3.5/modelmapper-2.3.5.jar:/home/maicon/.m2/repository/com/google/code/gson/gson/2.8.5/gson-2.8.5.jar:/home/maicon/.m2/repository/mysql/mysql-connector-java/8.0.18/mysql-connector-java-8.0.18.jar:/home/maicon/.m2/repository/org/springframework/boot/spring-boot-starter-test/2.1.11.RELEASE/spring-boot-starter-test-2.1.11.RELEASE.jar:/home/maicon/.m2/repository/org/springframework/boot/spring-boot-test/2.1.11.RELEASE/spring-boot-test-2.1.11.RELEASE.jar:/home/maicon/.m2/repository/org/springframework/boot/spring-boot-test-autoconfigure/2.1.11.RELEASE/spring-boot-test-autoconfigure-2.1.11.RELEASE.jar:/home/maicon/.m2/repository/com/jayway/jsonpath/json-path/2.4.0/json-path-2.4.0.jar:/home/maicon/.m2/repository/net/minidev/json-smart/2.3/json-smart-2.3.jar:/home/maicon/.m2/repository/net/minidev/accessors-smart/1.2/accessors-smart-1.2.jar:/home/maicon/.m2/repository/org/ow2/asm/asm/5.0.4/asm-5.0.4.jar:/home/maicon/.m2/repository/junit/junit/4.12/junit-4.12.jar:/home/maicon/.m2/repository/org/assertj/assertj-core/3.11.1/assertj-core-3.11.1.jar:/home/maicon/.m2/repository/org/mockito/mockito-core/2.23.4/mockito-core-2.23.4.jar:/home/maicon/.m2/repository/net/bytebuddy/byte-buddy-agent/1.9.16/byte-buddy-agent-1.9.16.jar:/home/maicon/.m2/repository/org/objenesis/objenesis/2.6/objenesis-2.6.jar:/home/maicon/.m2/repository/org/hamcrest/hamcrest-core/1.3/hamcrest-core-1.3.jar:/home/maicon/.m2/repository/org/hamcrest/hamcrest-library/1.3/hamcrest-library-1.3.jar:/home/maicon/.m2/repository/org/skyscreamer/jsonassert/1.5.0/jsonassert-1.5.0.jar:/home/maicon/.m2/repository/com/vaadin/external/google/android-json/0.0.20131108.vaadin1/android-json-0.0.20131108.vaadin1.jar:/home/maicon/.m2/repository/org/springframework/spring-core/5.1.12.RELEASE/spring-core-5.1.12.RELEASE.jar:/home/maicon/.m2/repository/org/springframework/spring-jcl/5.1.12.RELEASE/spring-jcl-5.1.12.RELEASE.jar:/home/maicon/.m2/repository/org/springframework/spring-test/5.1.12.RELEASE/spring-test-5.1.12.RELEASE.jar:/home/maicon/.m2/repository/org/xmlunit/xmlunit-core/2.6.3/xmlunit-core-2.6.3.jar:"/>
    <property name="java.vm.vendor" value="Private Build"/>
    <property name="sun.arch.data.model" value="64"/>
    <property name="java.vendor.url" value="Unknown"/>
    <property name="user.timezone" value=""/>
    <property name="java.vm.specification.version" value="11"/>
    <property name="os.name" value="Linux"/>
    <property name="sun.java.launcher" value="SUN_STANDARD"/>
    <property name="user.country" value="BR"/>
    <property name="sun.boot.library.path" value="/usr/lib/jvm/java-11-openjdk-amd64/lib"/>
    <property name="sun.java.command" value="/home/maicon/Documentos/workspace/stoom/target/surefire/surefirebooter9149068735756764659.jar /home/maicon/Documentos/workspace/stoom/target/surefire 2020-01-08T10-20-07_511-jvmRun1 surefire11121245607567433361tmp surefire_09654071714350708346tmp"/>
    <property name="jdk.debug" value="release"/>
    <property name="surefire.test.class.path" value="/home/maicon/Documentos/workspace/stoom/target/test-classes:/home/maicon/Documentos/workspace/stoom/target/classes:/home/maicon/.m2/repository/org/springframework/boot/spring-boot-starter-data-jpa/2.1.11.RELEASE/spring-boot-starter-data-jpa-2.1.11.RELEASE.jar:/home/maicon/.m2/repository/org/springframework/boot/spring-boot-starter-aop/2.1.11.RELEASE/spring-boot-starter-aop-2.1.11.RELEASE.jar:/home/maicon/.m2/repository/org/springframework/spring-aop/5.1.12.RELEASE/spring-aop-5.1.12.RELEASE.jar:/home/maicon/.m2/repository/org/aspectj/aspectjweaver/1.9.5/aspectjweaver-1.9.5.jar:/home/maicon/.m2/repository/org/springframework/boot/spring-boot-starter-jdbc/2.1.11.RELEASE/spring-boot-starter-jdbc-2.1.11.RELEASE.jar:/home/maicon/.m2/repository/org/springframework/spring-jdbc/5.1.12.RELEASE/spring-jdbc-5.1.12.RELEASE.jar:/home/maicon/.m2/repository/javax/transaction/javax.transaction-api/1.3/javax.transaction-api-1.3.jar:/home/maicon/.m2/repository/javax/xml/bind/jaxb-api/2.3.1/jaxb-api-2.3.1.jar:/home/maicon/.m2/repository/javax/activation/javax.activation-api/1.2.0/javax.activation-api-1.2.0.jar:/home/maicon/.m2/repository/org/hibernate/hibernate-core/5.3.14.Final/hibernate-core-5.3.14.Final.jar:/home/maicon/.m2/repository/org/jboss/logging/jboss-logging/3.3.3.Final/jboss-logging-3.3.3.Final.jar:/home/maicon/.m2/repository/javax/persistence/javax.persistence-api/2.2/javax.persistence-api-2.2.jar:/home/maicon/.m2/repository/org/javassist/javassist/3.23.2-GA/javassist-3.23.2-GA.jar:/home/maicon/.m2/repository/net/bytebuddy/byte-buddy/1.9.16/byte-buddy-1.9.16.jar:/home/maicon/.m2/repository/antlr/antlr/2.7.7/antlr-2.7.7.jar:/home/maicon/.m2/repository/org/jboss/jandex/2.0.5.Final/jandex-2.0.5.Final.jar:/home/maicon/.m2/repository/com/fasterxml/classmate/1.4.0/classmate-1.4.0.jar:/home/maicon/.m2/repository/org/dom4j/dom4j/2.1.1/dom4j-2.1.1.jar:/home/maicon/.m2/repository/org/hibernate/common/hibernate-commons-annotations/5.0.4.Final/hibernate-commons-annotations-5.0.4.Final.jar:/home/maicon/.m2/repository/org/glassfish/jaxb/jaxb-runtime/2.3.1/jaxb-runtime-2.3.1.jar:/home/maicon/.m2/repository/org/glassfish/jaxb/txw2/2.3.1/txw2-2.3.1.jar:/home/maicon/.m2/repository/com/sun/istack/istack-commons-runtime/3.0.7/istack-commons-runtime-3.0.7.jar:/home/maicon/.m2/repository/org/jvnet/staxex/stax-ex/1.8/stax-ex-1.8.jar:/home/maicon/.m2/repository/com/sun/xml/fastinfoset/FastInfoset/1.2.15/FastInfoset-1.2.15.jar:/home/maicon/.m2/repository/org/springframework/data/spring-data-jpa/2.1.14.RELEASE/spring-data-jpa-2.1.14.RELEASE.jar:/home/maicon/.m2/repository/org/springframework/data/spring-data-commons/2.1.14.RELEASE/spring-data-commons-2.1.14.RELEASE.jar:/home/maicon/.m2/repository/org/springframework/spring-orm/5.1.12.RELEASE/spring-orm-5.1.12.RELEASE.jar:/home/maicon/.m2/repository/org/springframework/spring-context/5.1.12.RELEASE/spring-context-5.1.12.RELEASE.jar:/home/maicon/.m2/repository/org/springframework/spring-tx/5.1.12.RELEASE/spring-tx-5.1.12.RELEASE.jar:/home/maicon/.m2/repository/org/springframework/spring-beans/5.1.12.RELEASE/spring-beans-5.1.12.RELEASE.jar:/home/maicon/.m2/repository/org/springframework/spring-aspects/5.1.12.RELEASE/spring-aspects-5.1.12.RELEASE.jar:/home/maicon/.m2/repository/org/springframework/boot/spring-boot-starter-web/2.1.11.RELEASE/spring-boot-starter-web-2.1.11.RELEASE.jar:/home/maicon/.m2/repository/org/springframework/boot/spring-boot-starter/2.1.11.RELEASE/spring-boot-starter-2.1.11.RELEASE.jar:/home/maicon/.m2/repository/org/springframework/boot/spring-boot/2.1.11.RELEASE/spring-boot-2.1.11.RELEASE.jar:/home/maicon/.m2/repository/org/springframework/boot/spring-boot-autoconfigure/2.1.11.RELEASE/spring-boot-autoconfigure-2.1.11.RELEASE.jar:/home/maicon/.m2/repository/org/springframework/boot/spring-boot-starter-logging/2.1.11.RELEASE/spring-boot-starter-logging-2.1.11.RELEASE.jar:/home/maicon/.m2/repository/ch/qos/logback/logback-classic/1.2.3/logback-classic-1.2.3.jar:/home/maicon/.m2/repository/ch/qos/logback/logback-core/1.2.3/logback-core-1.2.3.jar:/home/maicon/.m2/repository/org/apache/logging/log4j/log4j-to-slf4j/2.11.2/log4j-to-slf4j-2.11.2.jar:/home/maicon/.m2/repository/org/apache/logging/log4j/log4j-api/2.11.2/log4j-api-2.11.2.jar:/home/maicon/.m2/repository/org/slf4j/jul-to-slf4j/1.7.29/jul-to-slf4j-1.7.29.jar:/home/maicon/.m2/repository/javax/annotation/javax.annotation-api/1.3.2/javax.annotation-api-1.3.2.jar:/home/maicon/.m2/repository/org/yaml/snakeyaml/1.23/snakeyaml-1.23.jar:/home/maicon/.m2/repository/org/springframework/boot/spring-boot-starter-json/2.1.11.RELEASE/spring-boot-starter-json-2.1.11.RELEASE.jar:/home/maicon/.m2/repository/com/fasterxml/jackson/core/jackson-databind/2.9.10.1/jackson-databind-2.9.10.1.jar:/home/maicon/.m2/repository/com/fasterxml/jackson/core/jackson-annotations/2.9.10/jackson-annotations-2.9.10.jar:/home/maicon/.m2/repository/com/fasterxml/jackson/core/jackson-core/2.9.10/jackson-core-2.9.10.jar:/home/maicon/.m2/repository/com/fasterxml/jackson/datatype/jackson-datatype-jdk8/2.9.10/jackson-datatype-jdk8-2.9.10.jar:/home/maicon/.m2/repository/com/fasterxml/jackson/datatype/jackson-datatype-jsr310/2.9.10/jackson-datatype-jsr310-2.9.10.jar:/home/maicon/.m2/repository/com/fasterxml/jackson/module/jackson-module-parameter-names/2.9.10/jackson-module-parameter-names-2.9.10.jar:/home/maicon/.m2/repository/org/springframework/boot/spring-boot-starter-tomcat/2.1.11.RELEASE/spring-boot-starter-tomcat-2.1.11.RELEASE.jar:/home/maicon/.m2/repository/org/apache/tomcat/embed/tomcat-embed-core/9.0.29/tomcat-embed-core-9.0.29.jar:/home/maicon/.m2/repository/org/apache/tomcat/embed/tomcat-embed-el/9.0.29/tomcat-embed-el-9.0.29.jar:/home/maicon/.m2/repository/org/apache/tomcat/embed/tomcat-embed-websocket/9.0.29/tomcat-embed-websocket-9.0.29.jar:/home/maicon/.m2/repository/org/hibernate/validator/hibernate-validator/6.0.18.Final/hibernate-validator-6.0.18.Final.jar:/home/maicon/.m2/repository/javax/validation/validation-api/2.0.1.Final/validation-api-2.0.1.Final.jar:/home/maicon/.m2/repository/org/springframework/spring-web/5.1.12.RELEASE/spring-web-5.1.12.RELEASE.jar:/home/maicon/.m2/repository/org/springframework/spring-webmvc/5.1.12.RELEASE/spring-webmvc-5.1.12.RELEASE.jar:/home/maicon/.m2/repository/org/springframework/spring-expression/5.1.12.RELEASE/spring-expression-5.1.12.RELEASE.jar:/home/maicon/.m2/repository/com/zaxxer/HikariCP/2.6.0/HikariCP-2.6.0.jar:/home/maicon/.m2/repository/org/slf4j/slf4j-api/1.7.29/slf4j-api-1.7.29.jar:/home/maicon/.m2/repository/org/modelmapper/modelmapper/2.3.5/modelmapper-2.3.5.jar:/home/maicon/.m2/repository/com/google/code/gson/gson/2.8.5/gson-2.8.5.jar:/home/maicon/.m2/repository/mysql/mysql-connector-java/8.0.18/mysql-connector-java-8.0.18.jar:/home/maicon/.m2/repository/org/springframework/boot/spring-boot-starter-test/2.1.11.RELEASE/spring-boot-starter-test-2.1.11.RELEASE.jar:/home/maicon/.m2/repository/org/springframework/boot/spring-boot-test/2.1.11.RELEASE/spring-boot-test-2.1.11.RELEASE.jar:/home/maicon/.m2/repository/org/springframework/boot/spring-boot-test-autoconfigure/2.1.11.RELEASE/spring-boot-test-autoconfigure-2.1.11.RELEASE.jar:/home/maicon/.m2/repository/com/jayway/jsonpath/json-path/2.4.0/json-path-2.4.0.jar:/home/maicon/.m2/repository/net/minidev/json-smart/2.3/json-smart-2.3.jar:/home/maicon/.m2/repository/net/minidev/accessors-smart/1.2/accessors-smart-1.2.jar:/home/maicon/.m2/repository/org/ow2/asm/asm/5.0.4/asm-5.0.4.jar:/home/maicon/.m2/repository/junit/junit/4.12/junit-4.12.jar:/home/maicon/.m2/repository/org/assertj/assertj-core/3.11.1/assertj-core-3.11.1.jar:/home/maicon/.m2/repository/org/mockito/mockito-core/2.23.4/mockito-core-2.23.4.jar:/home/maicon/.m2/repository/net/bytebuddy/byte-buddy-agent/1.9.16/byte-buddy-agent-1.9.16.jar:/home/maicon/.m2/repository/org/objenesis/objenesis/2.6/objenesis-2.6.jar:/home/maicon/.m2/repository/org/hamcrest/hamcrest-core/1.3/hamcrest-core-1.3.jar:/home/maicon/.m2/repository/org/hamcrest/hamcrest-library/1.3/hamcrest-library-1.3.jar:/home/maicon/.m2/repository/org/skyscreamer/jsonassert/1.5.0/jsonassert-1.5.0.jar:/home/maicon/.m2/repository/com/vaadin/external/google/android-json/0.0.20131108.vaadin1/android-json-0.0.20131108.vaadin1.jar:/home/maicon/.m2/repository/org/springframework/spring-core/5.1.12.RELEASE/spring-core-5.1.12.RELEASE.jar:/home/maicon/.m2/repository/org/springframework/spring-jcl/5.1.12.RELEASE/spring-jcl-5.1.12.RELEASE.jar:/home/maicon/.m2/repository/org/springframework/spring-test/5.1.12.RELEASE/spring-test-5.1.12.RELEASE.jar:/home/maicon/.m2/repository/org/xmlunit/xmlunit-core/2.6.3/xmlunit-core-2.6.3.jar:"/>
    <property name="sun.cpu.endian" value="little"/>
    <property name="user.home" value="/home/maicon"/>
    <property name="user.language" value="pt"/>
    <property name="java.specification.vendor" value="Oracle Corporation"/>
    <property name="java.version.date" value="2019-10-15"/>
    <property name="java.home" value="/usr/lib/jvm/java-11-openjdk-amd64"/>
    <property name="file.separator" value="/"/>
    <property name="basedir" value="/home/maicon/Documentos/workspace/stoom"/>
    <property name="java.vm.compressedOopsMode" value="32-bit"/>
    <property name="line.separator" value="&#10;"/>
    <property name="java.specification.name" value="Java Platform API Specification"/>
    <property name="java.vm.specification.vendor" value="Oracle Corporation"/>
    <property name="java.awt.graphicsenv" value="sun.awt.X11GraphicsEnvironment"/>
    <property name="surefire.real.class.path" value="/home/maicon/Documentos/workspace/stoom/target/surefire/surefirebooter9149068735756764659.jar"/>
    <property name="sun.management.compiler" value="HotSpot 64-Bit Tiered Compilers"/>
    <property name="java.runtime.version" value="11.0.5+10-post-Ubuntu-0ubuntu1.1"/>
    <property name="user.name" value="maicon"/>
    <property name="path.separator" value=":"/>
    <property name="os.version" value="5.3.0-26-generic"/>
    <property name="java.runtime.name" value="OpenJDK Runtime Environment"/>
    <property name="file.encoding" value="UTF-8"/>
    <property name="java.vm.name" value="OpenJDK 64-Bit Server VM"/>
    <property name="localRepository" value="/home/maicon/.m2/repository"/>
    <property name="java.vendor.url.bug" value="Unknown"/>
    <property name="java.io.tmpdir" value="/tmp"/>
    <property name="java.version" value="11.0.5"/>
    <property name="user.dir" value="/home/maicon/Documentos/workspace/stoom"/>
    <property name="os.arch" value="amd64"/>
    <property name="java.vm.specification.name" value="Java Virtual Machine Specification"/>
    <property name="java.awt.printerjob" value="sun.print.PSPrinterJob"/>
    <property name="sun.os.patch.level" value="unknown"/>
    <property name="java.library.path" value="/usr/java/packages/lib:/usr/lib/x86_64-linux-gnu/jni:/lib/x86_64-linux-gnu:/usr/lib/x86_64-linux-gnu:/usr/lib/jni:/lib:/usr/lib"/>
    <property name="java.vendor" value="Private Build"/>
    <property name="java.vm.info" value="mixed mode, sharing"/>
    <property name="java.vm.version" value="11.0.5+10-post-Ubuntu-0ubuntu1.1"/>
    <property name="sun.io.unicode.encoding" value="UnicodeLittle"/>
    <property name="java.class.version" value="55.0"/>
  </properties>
  <testcase name="updateLocation" classname="br.com.stoom.controller.LocationControllerTest" time="0.529">
    <failure message="expected:&lt;204&gt; but was:&lt;404&gt;" type="java.lang.AssertionError"><![CDATA[java.lang.AssertionError: expected:<204> but was:<404>
	at br.com.stoom.controller.LocationControllerTest.updateLocation(LocationControllerTest.java:111)
]]></failure>
    <system-out><![CDATA[10:20:08.983 [main] DEBUG org.springframework.test.context.junit4.SpringJUnit4ClassRunner - SpringJUnit4ClassRunner constructor called with [class br.com.stoom.controller.LocationControllerTest]
10:20:08.991 [main] DEBUG org.springframework.test.context.BootstrapUtils - Instantiating CacheAwareContextLoaderDelegate from class [org.springframework.test.context.cache.DefaultCacheAwareContextLoaderDelegate]
10:20:09.006 [main] DEBUG org.springframework.test.context.BootstrapUtils - Instantiating BootstrapContext using constructor [public org.springframework.test.context.support.DefaultBootstrapContext(java.lang.Class,org.springframework.test.context.CacheAwareContextLoaderDelegate)]
10:20:09.036 [main] DEBUG org.springframework.test.context.BootstrapUtils - Instantiating TestContextBootstrapper for test class [br.com.stoom.controller.LocationControllerTest] from class [org.springframework.boot.test.context.SpringBootTestContextBootstrapper]
10:20:09.053 [main] INFO org.springframework.boot.test.context.SpringBootTestContextBootstrapper - Neither @ContextConfiguration nor @ContextHierarchy found for test class [br.com.stoom.controller.LocationControllerTest], using SpringBootContextLoader
10:20:09.061 [main] DEBUG org.springframework.test.context.support.AbstractContextLoader - Did not detect default resource location for test class [br.com.stoom.controller.LocationControllerTest]: class path resource [br/com/stoom/controller/LocationControllerTest-context.xml] does not exist
10:20:09.063 [main] DEBUG org.springframework.test.context.support.AbstractContextLoader - Did not detect default resource location for test class [br.com.stoom.controller.LocationControllerTest]: class path resource [br/com/stoom/controller/LocationControllerTestContext.groovy] does not exist
10:20:09.064 [main] INFO org.springframework.test.context.support.AbstractContextLoader - Could not detect default resource locations for test class [br.com.stoom.controller.LocationControllerTest]: no resource found for suffixes {-context.xml, Context.groovy}.
10:20:09.065 [main] INFO org.springframework.test.context.support.AnnotationConfigContextLoaderUtils - Could not detect default configuration classes for test class [br.com.stoom.controller.LocationControllerTest]: LocationControllerTest does not declare any static, non-private, non-final, nested classes annotated with @Configuration.
10:20:09.136 [main] DEBUG org.springframework.test.context.support.ActiveProfilesUtils - Could not find an 'annotation declaring class' for annotation type [org.springframework.test.context.ActiveProfiles] and class [br.com.stoom.controller.LocationControllerTest]
10:20:09.266 [main] DEBUG org.springframework.context.annotation.ClassPathScanningCandidateComponentProvider - Identified candidate component class: file [/home/maicon/Documentos/workspace/stoom/target/classes/br/com/stoom/StoomApplication.class]
10:20:09.268 [main] INFO org.springframework.boot.test.context.SpringBootTestContextBootstrapper - Found @SpringBootConfiguration br.com.stoom.StoomApplication for test class br.com.stoom.controller.LocationControllerTest
10:20:09.426 [main] DEBUG org.springframework.boot.test.context.SpringBootTestContextBootstrapper - @TestExecutionListeners is not present for class [br.com.stoom.controller.LocationControllerTest]: using defaults.
10:20:09.427 [main] INFO org.springframework.boot.test.context.SpringBootTestContextBootstrapper - Loaded default TestExecutionListener class names from location [META-INF/spring.factories]: [org.springframework.boot.test.mock.mockito.MockitoTestExecutionListener, org.springframework.boot.test.mock.mockito.ResetMocksTestExecutionListener, org.springframework.boot.test.autoconfigure.restdocs.RestDocsTestExecutionListener, org.springframework.boot.test.autoconfigure.web.client.MockRestServiceServerResetTestExecutionListener, org.springframework.boot.test.autoconfigure.web.servlet.MockMvcPrintOnlyOnFailureTestExecutionListener, org.springframework.boot.test.autoconfigure.web.servlet.WebDriverTestExecutionListener, org.springframework.test.context.web.ServletTestExecutionListener, org.springframework.test.context.support.DirtiesContextBeforeModesTestExecutionListener, org.springframework.test.context.support.DependencyInjectionTestExecutionListener, org.springframework.test.context.support.DirtiesContextTestExecutionListener, org.springframework.test.context.transaction.TransactionalTestExecutionListener, org.springframework.test.context.jdbc.SqlScriptsTestExecutionListener]
10:20:09.461 [main] INFO org.springframework.boot.test.context.SpringBootTestContextBootstrapper - Using TestExecutionListeners: [org.springframework.test.context.web.ServletTestExecutionListener@121314f7, org.springframework.test.context.support.DirtiesContextBeforeModesTestExecutionListener@130c12b7, org.springframework.boot.test.mock.mockito.MockitoTestExecutionListener@5e600dd5, org.springframework.boot.test.autoconfigure.SpringBootDependencyInjectionTestExecutionListener@576d5deb, org.springframework.test.context.support.DirtiesContextTestExecutionListener@5d534f5d, org.springframework.test.context.transaction.TransactionalTestExecutionListener@2e3967ea, org.springframework.test.context.jdbc.SqlScriptsTestExecutionListener@70e9c95d, org.springframework.boot.test.mock.mockito.ResetMocksTestExecutionListener@4d5650ae, org.springframework.boot.test.autoconfigure.restdocs.RestDocsTestExecutionListener@a38c7fe, org.springframework.boot.test.autoconfigure.web.client.MockRestServiceServerResetTestExecutionListener@6fdbe764, org.springframework.boot.test.autoconfigure.web.servlet.MockMvcPrintOnlyOnFailureTestExecutionListener@51c668e3, org.springframework.boot.test.autoconfigure.web.servlet.WebDriverTestExecutionListener@2e6a8155]
10:20:09.468 [main] DEBUG org.springframework.test.annotation.ProfileValueUtils - Retrieved @ProfileValueSourceConfiguration [null] for test class [br.com.stoom.controller.LocationControllerTest]
10:20:09.471 [main] DEBUG org.springframework.test.annotation.ProfileValueUtils - Retrieved ProfileValueSource type [class org.springframework.test.annotation.SystemProfileValueSource] for class [br.com.stoom.controller.LocationControllerTest]
10:20:09.474 [main] DEBUG org.springframework.test.annotation.ProfileValueUtils - Retrieved @ProfileValueSourceConfiguration [null] for test class [br.com.stoom.controller.LocationControllerTest]
10:20:09.475 [main] DEBUG org.springframework.test.annotation.ProfileValueUtils - Retrieved ProfileValueSource type [class org.springframework.test.annotation.SystemProfileValueSource] for class [br.com.stoom.controller.LocationControllerTest]
10:20:09.478 [main] DEBUG org.springframework.test.annotation.ProfileValueUtils - Retrieved @ProfileValueSourceConfiguration [null] for test class [br.com.stoom.controller.LocationControllerTest]
10:20:09.478 [main] DEBUG org.springframework.test.annotation.ProfileValueUtils - Retrieved ProfileValueSource type [class org.springframework.test.annotation.SystemProfileValueSource] for class [br.com.stoom.controller.LocationControllerTest]
10:20:09.489 [main] DEBUG org.springframework.test.context.support.AbstractDirtiesContextTestExecutionListener - Before test class: context [DefaultTestContext@740cae06 testClass = LocationControllerTest, testInstance = [null], testMethod = [null], testException = [null], mergedContextConfiguration = [WebMergedContextConfiguration@26d9b808 testClass = LocationControllerTest, locations = '{}', classes = '{class br.com.stoom.StoomApplication}', contextInitializerClasses = '[]', activeProfiles = '{}', propertySourceLocations = '{}', propertySourceProperties = '{org.springframework.boot.test.context.SpringBootTestContextBootstrapper=true}', contextCustomizers = set[org.springframework.boot.test.context.filter.ExcludeFilterContextCustomizer@23f7d05d, org.springframework.boot.test.json.DuplicateJsonObjectContextCustomizerFactory$DuplicateJsonObjectContextCustomizer@1d082e88, org.springframework.boot.test.mock.mockito.MockitoContextCustomizer@0, org.springframework.boot.test.web.client.TestRestTemplateContextCustomizer@14d3bc22, org.springframework.boot.test.autoconfigure.properties.PropertyMappingContextCustomizer@0, org.springframework.boot.test.autoconfigure.web.servlet.WebDriverContextCustomizerFactory$Customizer@318ba8c8], resourceBasePath = 'src/main/webapp', contextLoader = 'org.springframework.boot.test.context.SpringBootContextLoader', parent = [null]], attributes = map['org.springframework.test.context.web.ServletTestExecutionListener.activateListener' -> true]], class annotated with @DirtiesContext [false] with mode [null].
10:20:09.497 [main] DEBUG org.springframework.test.annotation.ProfileValueUtils - Retrieved @ProfileValueSourceConfiguration [null] for test class [br.com.stoom.controller.LocationControllerTest]
10:20:09.498 [main] DEBUG org.springframework.test.annotation.ProfileValueUtils - Retrieved ProfileValueSource type [class org.springframework.test.annotation.SystemProfileValueSource] for class [br.com.stoom.controller.LocationControllerTest]
10:20:09.541 [main] DEBUG org.springframework.test.context.support.TestPropertySourceUtils - Adding inlined properties to environment: {spring.jmx.enabled=false, org.springframework.boot.test.context.SpringBootTestContextBootstrapper=true, server.port=-1}

  .   ____          _            __ _ _
 /\\ / ___'_ __ _ _(_)_ __  __ _ \ \ \ \
( ( )\___ | '_ | '_| | '_ \/ _` | \ \ \ \
 \\/  ___)| |_)| | | | | || (_| |  ) ) ) )
  '  |____| .__|_| |_|_| |_\__, | / / / /
 =========|_|==============|___/=/_/_/_/
 :: Spring Boot ::       (v2.1.11.RELEASE)

08 / 01 / 2020  10:20:10 - Starting LocationControllerTest on maicon with PID 4738 (started by maicon in /home/maicon/Documentos/workspace/stoom)
08 / 01 / 2020  10:20:10 - No active profile set, falling back to default profiles: default
08 / 01 / 2020  10:20:11 - Bootstrapping Spring Data JPA repositories in DEFAULT mode.
08 / 01 / 2020  10:20:11 - Finished Spring Data repository scanning in 148ms. Found 1 JPA repository interfaces.
08 / 01 / 2020  10:20:13 - Bean 'org.springframework.transaction.annotation.ProxyTransactionManagementConfiguration' of type [org.springframework.transaction.annotation.ProxyTransactionManagementConfiguration$$EnhancerBySpringCGLIB$$5d912d49] is not eligible for getting processed by all BeanPostProcessors (for example: not eligible for auto-proxying)
08 / 01 / 2020  10:20:13 - HikariPool-1 - Starting...
08 / 01 / 2020  10:20:14 - HikariPool-1 - Start completed.
08 / 01 / 2020  10:20:15 - Initialized JPA EntityManagerFactory for persistence unit 'default'
08 / 01 / 2020  10:20:17 - Initializing ExecutorService 'applicationTaskExecutor'
08 / 01 / 2020  10:20:17 - spring.jpa.open-in-view is enabled by default. Therefore, database queries may be performed during view rendering. Explicitly configure spring.jpa.open-in-view to disable this warning
08 / 01 / 2020  10:20:17 - Started LocationControllerTest in 8.176 seconds (JVM running for 9.62)
08 / 01 / 2020  10:20:17 - -------------------------------------------------------------------------------- 
08 / 01 / 2020  10:20:17 - -------------------------------------------------------------------------------- 
08 / 01 / 2020  10:20:17 - -------------------------------------------------------------------------------- 
08 / 01 / 2020  10:20:17 - -------------------------------------------------------------------------------- 
08 / 01 / 2020  10:20:17 - -------------------------------------------------------------------------------- 
08 / 01 / 2020  10:20:17 - ---------------------- type da application: local -------------------------
08 / 01 / 2020  10:20:17 - -------------------------------------------------------------------------------- 
08 / 01 / 2020  10:20:17 - -------------------------------------------------------------------------------- 
08 / 01 / 2020  10:20:17 - -------------------------------------------------------------------------------- 
08 / 01 / 2020  10:20:17 - -------------------------------------------------------------------------------- 
08 / 01 / 2020  10:20:17 - -------------------------------------------------------------------------------- 
08 / 01 / 2020  10:20:17 - Initializing Spring TestDispatcherServlet ''
08 / 01 / 2020  10:20:17 - Initializing Servlet ''
08 / 01 / 2020  10:20:17 - Completed initialization in 27 ms
Hibernate: select location0_.id as id1_0_0_, location0_.city as city2_0_0_, location0_.complement as compleme3_0_0_, location0_.country as country4_0_0_, location0_.creation_date as creation5_0_0_, location0_.latitude as latitude6_0_0_, location0_.longitude as longitud7_0_0_, location0_.neighbourhood as neighbou8_0_0_, location0_.number as number9_0_0_, location0_.statel as statel10_0_0_, location0_.street_name as street_11_0_0_, location0_.update_date as update_12_0_0_, location0_.zipcode as zipcode13_0_0_ from location location0_ where location0_.id=?
]]></system-out>
  </testcase>
  <testcase name="createLocation" classname="br.com.stoom.controller.LocationControllerTest" time="1.505"/>
  <testcase name="findAll" classname="br.com.stoom.controller.LocationControllerTest" time="0.212"/>
  <testcase name="deleteLocation" classname="br.com.stoom.controller.LocationControllerTest" time="0.036"/>
</testsuite>